Reading graph
Num nodes: 96
Num edges (one direction): 756
Num edges (bi- direction): 1512

Greedy Coloring took: 0.001298s | Limit was: 300s
Min conflict count is 16
0 is 0
1 is 1
2 is 0
3 is 1
4 is 0
5 is 2
6 is 1
7 is 0
8 is 1
9 is 0
10 is 2
11 is 3
12 is 1
13 is 0
14 is 1
15 is 0
16 is 2
17 is 1
18 is 0
19 is 1
20 is 0
21 is 2
22 is 3
23 is 4
24 is 1
25 is 0
26 is 1
27 is 0
28 is 2
29 is 1
30 is 0
31 is 1
32 is 0
33 is 2
34 is 3
35 is 1
36 is 0
37 is 1
38 is 0
39 is 2
40 is 1
41 is 0
42 is 1
43 is 0
44 is 2
45 is 3
46 is 4
47 is 5
48 is 1
49 is 0
50 is 1
51 is 0
52 is 2
53 is 1
54 is 0
55 is 1
56 is 0
57 is 2
58 is 3
59 is 1
60 is 0
61 is 1
62 is 0
63 is 2
64 is 1
65 is 0
66 is 1
67 is 0
68 is 2
69 is 3
70 is 4
71 is 1
72 is 0
73 is 1
74 is 0
75 is 2
76 is 1
77 is 0
78 is 1
79 is 0
80 is 2
81 is 3
82 is 1
83 is 0
84 is 1
85 is 0
86 is 2
87 is 1
88 is 0
89 is 1
90 is 0
91 is 2
92 is 3
93 is 4
94 is 5
95 is 1
Steepest Descent Coloring took: 0.053999s | Limit was: 300s
Min conflict count is 1
0 is 0
1 is 1
2 is 0
3 is 1
4 is 0
5 is 2
6 is 1
7 is 0
8 is 1
9 is 0
10 is 2
11 is 3
12 is 1
13 is 0
14 is 1
15 is 0
16 is 2
17 is 1
18 is 0
19 is 1
20 is 0
21 is 2
22 is 3
23 is 4
24 is 1
25 is 0
26 is 1
27 is 0
28 is 2
29 is 1
30 is 0
31 is 1
32 is 0
33 is 2
34 is 3
35 is 1
36 is 0
37 is 1
38 is 0
39 is 2
40 is 1
41 is 0
42 is 1
43 is 0
44 is 2
45 is 3
46 is 4
47 is 5
48 is 2
49 is 0
50 is 3
51 is 0
52 is 2
53 is 2
54 is 0
55 is 4
56 is 0
57 is 2
58 is 3
59 is 2
60 is 0
61 is 3
62 is 0
63 is 2
64 is 2
65 is 0
66 is 5
67 is 0
68 is 2
69 is 3
70 is 4
71 is 2
72 is 0
73 is 3
74 is 0
75 is 2
76 is 2
77 is 0
78 is 4
79 is 0
80 is 2
81 is 3
82 is 2
83 is 0
84 is 3
85 is 0
86 is 2
87 is 2
88 is 0
89 is 0
90 is 0
91 is 2
92 is 3
93 is 4
94 is 5
95 is 1
