Reading graph
Num nodes: 192
Num edges (one direction): 2361
Num edges (bi- direction): 4722

Greedy Coloring took: 0.004015s | Limit was: 300s
Min conflict count is 51
0 is 0
1 is 1
2 is 0
3 is 1
4 is 0
5 is 2
6 is 1
7 is 0
8 is 1
9 is 0
10 is 2
11 is 3
12 is 1
13 is 0
14 is 1
15 is 0
16 is 2
17 is 1
18 is 0
19 is 1
20 is 0
21 is 2
22 is 3
23 is 4
24 is 1
25 is 0
26 is 1
27 is 0
28 is 2
29 is 1
30 is 0
31 is 1
32 is 0
33 is 2
34 is 3
35 is 1
36 is 0
37 is 1
38 is 0
39 is 2
40 is 1
41 is 0
42 is 1
43 is 0
44 is 2
45 is 3
46 is 4
47 is 5
48 is 1
49 is 0
50 is 1
51 is 0
52 is 2
53 is 1
54 is 0
55 is 1
56 is 0
57 is 2
58 is 3
59 is 1
60 is 0
61 is 1
62 is 0
63 is 2
64 is 1
65 is 0
66 is 1
67 is 0
68 is 2
69 is 3
70 is 4
71 is 1
72 is 0
73 is 1
74 is 0
75 is 2
76 is 1
77 is 0
78 is 1
79 is 0
80 is 2
81 is 3
82 is 1
83 is 0
84 is 1
85 is 0
86 is 2
87 is 1
88 is 0
89 is 1
90 is 0
91 is 2
92 is 3
93 is 4
94 is 5
95 is 1
96 is 1
97 is 0
98 is 1
99 is 0
100 is 2
101 is 1
102 is 0
103 is 1
104 is 0
105 is 2
106 is 3
107 is 1
108 is 0
109 is 1
110 is 0
111 is 2
112 is 1
113 is 0
114 is 1
115 is 0
116 is 2
117 is 3
118 is 4
119 is 1
120 is 0
121 is 1
122 is 0
123 is 2
124 is 1
125 is 0
126 is 1
127 is 0
128 is 2
129 is 3
130 is 1
131 is 0
132 is 1
133 is 0
134 is 2
135 is 1
136 is 0
137 is 1
138 is 0
139 is 2
140 is 3
141 is 4
142 is 5
143 is 2
144 is 0
145 is 3
146 is 0
147 is 2
148 is 2
149 is 0
150 is 4
151 is 0
152 is 2
153 is 3
154 is 2
155 is 0
156 is 3
157 is 0
158 is 2
159 is 2
160 is 0
161 is 5
162 is 0
163 is 2
164 is 3
165 is 4
166 is 2
167 is 0
168 is 3
169 is 0
170 is 2
171 is 2
172 is 0
173 is 4
174 is 0
175 is 2
176 is 3
177 is 2
178 is 0
179 is 3
180 is 0
181 is 2
182 is 2
183 is 0
184 is 1
185 is 0
186 is 2
187 is 3
188 is 4
189 is 5
190 is 1
191 is 1
Steepest Descent Coloring took: 0.340444s | Limit was: 300s
Min conflict count is 5
0 is 0
1 is 1
2 is 0
3 is 1
4 is 0
5 is 2
6 is 1
7 is 0
8 is 1
9 is 0
10 is 2
11 is 3
12 is 1
13 is 0
14 is 1
15 is 0
16 is 2
17 is 1
18 is 0
19 is 1
20 is 0
21 is 2
22 is 3
23 is 4
24 is 1
25 is 0
26 is 1
27 is 0
28 is 2
29 is 1
30 is 0
31 is 1
32 is 0
33 is 2
34 is 3
35 is 1
36 is 0
37 is 1
38 is 0
39 is 2
40 is 1
41 is 0
42 is 1
43 is 0
44 is 2
45 is 3
46 is 4
47 is 5
48 is 2
49 is 0
50 is 3
51 is 0
52 is 2
53 is 2
54 is 0
55 is 4
56 is 0
57 is 2
58 is 3
59 is 2
60 is 0
61 is 3
62 is 0
63 is 2
64 is 2
65 is 0
66 is 5
67 is 0
68 is 2
69 is 3
70 is 4
71 is 2
72 is 0
73 is 3
74 is 0
75 is 2
76 is 2
77 is 0
78 is 4
79 is 0
80 is 2
81 is 3
82 is 2
83 is 0
84 is 3
85 is 0
86 is 2
87 is 2
88 is 0
89 is 0
90 is 0
91 is 2
92 is 3
93 is 4
94 is 5
95 is 1
96 is 2
97 is 0
98 is 3
99 is 0
100 is 2
101 is 2
102 is 0
103 is 4
104 is 0
105 is 2
106 is 3
107 is 2
108 is 0
109 is 3
110 is 0
111 is 2
112 is 2
113 is 0
114 is 5
115 is 0
116 is 2
117 is 3
118 is 4
119 is 2
120 is 0
121 is 3
122 is 0
123 is 2
124 is 2
125 is 0
126 is 4
127 is 0
128 is 2
129 is 3
130 is 2
131 is 0
132 is 3
133 is 0
134 is 2
135 is 2
136 is 0
137 is 1
138 is 0
139 is 2
140 is 3
141 is 4
142 is 5
143 is 2
144 is 0
145 is 3
146 is 0
147 is 2
148 is 2
149 is 0
150 is 4
151 is 0
152 is 2
153 is 3
154 is 2
155 is 0
156 is 3
157 is 0
158 is 2
159 is 2
160 is 0
161 is 5
162 is 0
163 is 2
164 is 3
165 is 4
166 is 2
167 is 0
168 is 3
169 is 0
170 is 2
171 is 2
172 is 0
173 is 4
174 is 0
175 is 2
176 is 3
177 is 2
178 is 0
179 is 3
180 is 0
181 is 2
182 is 2
183 is 0
184 is 0
185 is 0
186 is 2
187 is 3
188 is 4
189 is 5
190 is 1
191 is 1
