Reading knapsack instance
101:1 5.54545:8 1.84034:2 1.81967:13 1.53476:4 1.43103:18 1.28818:10 1.27248:5 1.21598:19 1.20576:15 1.19157:12 1.18051:0 1.16313:9 1.14493:7 1.14184:16 1.13699:14 1.12151:17 1.11442:11 1.11161:3 1.1003:6 
Time taken for Greedy: 2.5e-05s | Limit was: 300s
Cost Limit: 4875
*** *** Before Steepest Descent:
------------------------------------------------
Total value: 6125
Total cost: 4725

0  654 554
1  101 1
2  219 119
4  287 187
5  467 367
7  790 690
8  122 22
9  713 613
10  447 347
12  622 522
13  222 122
15  586 486
18  332 232
19  563 463

Time taken for Steepest Descent: 2.2e-05s | Limit was: 300s
Cost Limit: 4875

Best solution found after Steepest Descent
------------------------------------------------
Total value: 6242
Total cost: 4842

0  654 554
1  101 1
2  219 119
4  287 187
5  467 367
7  790 690
8  122 22
10  447 347
12  622 522
13  222 122
14  830 730
15  586 486
18  332 232
19  563 463

