Reading knapsack instance
101:1 5.54545:8 1.84034:2 1.53476:4 1.28818:10 1.27248:5 1.19157:0 1.16313:9 1.14493:7 1.11442:11 1.11161:3 1.1003:6 
Time taken for Greedy: 1.2e-05s | Limit was: 300s
Cost Limit: 2187
*** *** Before Steepest Descent:
------------------------------------------------
Total value: 2978
Total cost: 2178

0  622 522
1  101 1
2  219 119
4  287 187
5  467 367
8  122 22
9  713 613
10  447 347

Time taken for Steepest Descent: 1e-05s | Limit was: 300s
Cost Limit: 2187

Best solution found after Steepest Descent
------------------------------------------------
Total value: 2978
Total cost: 2178

0  622 522
1  101 1
2  219 119
4  287 187
5  467 367
8  122 22
9  713 613
10  447 347

