Reading knapsack instance
101:1 5.54545:8 1.84034:2 1.81967:13 1.81301:29 1.53476:4 1.43103:18 1.36232:28 1.30769:23 1.30211:30 1.28818:10 1.2809:31 1.27701:0 1.27248:5 1.2457:26 1.21598:19 1.20576:15 1.19157:12 1.18051:20 1.16978:21 1.16313:9 1.14815:22 1.14493:7 1.14184:16 1.13699:14 1.12887:27 1.12151:17 1.11442:11 1.11161:3 1.10309:24 1.1003:6 1.1:25 
Time taken for Greedy: 5.2e-05s | Limit was: 300s
Cost Limit: 7969
*** *** Before Steepest Descent:
------------------------------------------------
Total value: 9678
Total cost: 7478

0  461 361
1  101 1
2  219 119
4  287 187
5  467 367
8  122 22
9  713 613
10  447 347
12  622 522
13  222 122
15  586 486
18  332 232
19  563 463
20  654 554
21  689 589
22  775 675
23  425 325
26  507 407
28  376 276
29  223 123
30  431 331
31  456 356

Time taken for Steepest Descent: 4.1e-05s | Limit was: 300s
Cost Limit: 7969

Best solution found after Steepest Descent
------------------------------------------------
Total value: 10162
Total cost: 7962

0  461 361
1  101 1
2  219 119
4  287 187
5  467 367
7  790 690
8  122 22
9  713 613
12  622 522
13  222 122
14  830 730
15  586 486
18  332 232
19  563 463
20  654 554
22  775 675
23  425 325
26  507 407
28  376 276
29  223 123
30  431 331
31  456 356

